{"D:\\Workspace\\MEVN\\ChitChat\\server\\server.js": {"path":"D:\\Workspace\\MEVN\\ChitChat\\server\\server.js","statementMap":{"0":{"start":{"line":2,"column":0},"end":{"line":2,"column":27}},"1":{"start":{"line":5,"column":17},"end":{"line":5,"column":36}},"2":{"start":{"line":6,"column":0},"end":{"line":6,"column":34}},"3":{"start":{"line":9,"column":17},"end":{"line":9,"column":36}},"4":{"start":{"line":10,"column":0},"end":{"line":10,"column":39}},"5":{"start":{"line":13,"column":16},"end":{"line":13,"column":34}},"6":{"start":{"line":16,"column":15},"end":{"line":16,"column":32}},"7":{"start":{"line":17,"column":16},"end":{"line":17,"column":34}},"8":{"start":{"line":18,"column":17},"end":{"line":18,"column":46}},"9":{"start":{"line":20,"column":19},"end":{"line":20,"column":41}},"10":{"start":{"line":21,"column":13},"end":{"line":21,"column":28}},"11":{"start":{"line":22,"column":15},"end":{"line":22,"column":32}},"12":{"start":{"line":23,"column":20},"end":{"line":23,"column":42}},"13":{"start":{"line":24,"column":13},"end":{"line":24,"column":37}},"14":{"start":{"line":27,"column":13},"end":{"line":27,"column":28}},"15":{"start":{"line":28,"column":11},"end":{"line":28,"column":24}},"16":{"start":{"line":33,"column":12},"end":{"line":33,"column":21}},"17":{"start":{"line":34,"column":19},"end":{"line":34,"column":46}},"18":{"start":{"line":35,"column":11},"end":{"line":35,"column":43}},"19":{"start":{"line":52,"column":4},"end":{"line":52,"column":33}},"20":{"start":{"line":53,"column":20},"end":{"line":53,"column":53}},"21":{"start":{"line":56,"column":19},"end":{"line":56,"column":43}},"22":{"start":{"line":57,"column":19},"end":{"line":57,"column":43}},"23":{"start":{"line":58,"column":22},"end":{"line":58,"column":49}},"24":{"start":{"line":59,"column":22},"end":{"line":59,"column":49}},"25":{"start":{"line":60,"column":19},"end":{"line":60,"column":43}},"26":{"start":{"line":63,"column":0},"end":{"line":63,"column":23}},"27":{"start":{"line":64,"column":0},"end":{"line":64,"column":18}},"28":{"start":{"line":65,"column":0},"end":{"line":65,"column":49}},"29":{"start":{"line":66,"column":0},"end":{"line":66,"column":27}},"30":{"start":{"line":67,"column":0},"end":{"line":67,"column":31}},"31":{"start":{"line":69,"column":0},"end":{"line":69,"column":16}},"32":{"start":{"line":70,"column":0},"end":{"line":70,"column":18}},"33":{"start":{"line":73,"column":0},"end":{"line":76,"column":1}},"34":{"start":{"line":77,"column":0},"end":{"line":77,"column":23}},"35":{"start":{"line":81,"column":0},"end":{"line":81,"column":32}},"36":{"start":{"line":82,"column":0},"end":{"line":82,"column":32}},"37":{"start":{"line":83,"column":0},"end":{"line":83,"column":38}},"38":{"start":{"line":84,"column":0},"end":{"line":84,"column":39}},"39":{"start":{"line":85,"column":0},"end":{"line":85,"column":32}},"40":{"start":{"line":87,"column":0},"end":{"line":93,"column":1}},"41":{"start":{"line":88,"column":4},"end":{"line":92,"column":5}},"42":{"start":{"line":96,"column":18},"end":{"line":96,"column":20}},"43":{"start":{"line":99,"column":0},"end":{"line":245,"column":3}},"44":{"start":{"line":100,"column":24},"end":{"line":100,"column":28}},"45":{"start":{"line":103,"column":4},"end":{"line":142,"column":7}},"46":{"start":{"line":104,"column":8},"end":{"line":104,"column":40}},"47":{"start":{"line":105,"column":8},"end":{"line":141,"column":9}},"48":{"start":{"line":107,"column":30},"end":{"line":110,"column":14}},"49":{"start":{"line":112,"column":12},"end":{"line":121,"column":14}},"50":{"start":{"line":123,"column":12},"end":{"line":128,"column":14}},"51":{"start":{"line":130,"column":12},"end":{"line":140,"column":14}},"52":{"start":{"line":145,"column":4},"end":{"line":149,"column":7}},"53":{"start":{"line":146,"column":8},"end":{"line":146,"column":38}},"54":{"start":{"line":147,"column":8},"end":{"line":147,"column":34}},"55":{"start":{"line":148,"column":8},"end":{"line":148,"column":32}},"56":{"start":{"line":152,"column":4},"end":{"line":177,"column":7}},"57":{"start":{"line":153,"column":8},"end":{"line":153,"column":29}},"58":{"start":{"line":154,"column":8},"end":{"line":176,"column":11}},"59":{"start":{"line":155,"column":12},"end":{"line":160,"column":14}},"60":{"start":{"line":163,"column":12},"end":{"line":168,"column":14}},"61":{"start":{"line":170,"column":12},"end":{"line":170,"column":69}},"62":{"start":{"line":173,"column":12},"end":{"line":175,"column":85}},"63":{"start":{"line":180,"column":4},"end":{"line":192,"column":7}},"64":{"start":{"line":181,"column":8},"end":{"line":187,"column":9}},"65":{"start":{"line":182,"column":12},"end":{"line":182,"column":44}},"66":{"start":{"line":184,"column":12},"end":{"line":186,"column":13}},"67":{"start":{"line":185,"column":16},"end":{"line":185,"column":66}},"68":{"start":{"line":189,"column":8},"end":{"line":191,"column":84}},"69":{"start":{"line":194,"column":4},"end":{"line":206,"column":7}},"70":{"start":{"line":195,"column":8},"end":{"line":201,"column":9}},"71":{"start":{"line":196,"column":12},"end":{"line":200,"column":13}},"72":{"start":{"line":197,"column":16},"end":{"line":199,"column":18}},"73":{"start":{"line":198,"column":30},"end":{"line":198,"column":57}},"74":{"start":{"line":203,"column":8},"end":{"line":205,"column":84}},"75":{"start":{"line":209,"column":4},"end":{"line":214,"column":7}},"76":{"start":{"line":210,"column":27},"end":{"line":210,"column":50}},"77":{"start":{"line":213,"column":8},"end":{"line":213,"column":84}},"78":{"start":{"line":217,"column":4},"end":{"line":221,"column":7}},"79":{"start":{"line":218,"column":8},"end":{"line":218,"column":78}},"80":{"start":{"line":219,"column":8},"end":{"line":219,"column":71}},"81":{"start":{"line":220,"column":8},"end":{"line":220,"column":57}},"82":{"start":{"line":224,"column":4},"end":{"line":226,"column":7}},"83":{"start":{"line":225,"column":8},"end":{"line":225,"column":51}},"84":{"start":{"line":229,"column":4},"end":{"line":232,"column":7}},"85":{"start":{"line":230,"column":8},"end":{"line":230,"column":71}},"86":{"start":{"line":231,"column":8},"end":{"line":231,"column":57}},"87":{"start":{"line":235,"column":4},"end":{"line":244,"column":7}},"88":{"start":{"line":236,"column":8},"end":{"line":236,"column":38}},"89":{"start":{"line":237,"column":8},"end":{"line":237,"column":34}},"90":{"start":{"line":238,"column":8},"end":{"line":243,"column":9}},"91":{"start":{"line":239,"column":12},"end":{"line":242,"column":15}},"92":{"start":{"line":240,"column":16},"end":{"line":240,"column":43}},"93":{"start":{"line":241,"column":16},"end":{"line":241,"column":46}},"94":{"start":{"line":247,"column":0},"end":{"line":247,"column":70}},"95":{"start":{"line":248,"column":0},"end":{"line":250,"column":3}},"96":{"start":{"line":249,"column":4},"end":{"line":249,"column":77}},"97":{"start":{"line":252,"column":0},"end":{"line":257,"column":1}},"98":{"start":{"line":253,"column":4},"end":{"line":256,"column":6}},"99":{"start":{"line":255,"column":8},"end":{"line":255,"column":73}},"100":{"start":{"line":259,"column":0},"end":{"line":259,"column":22}}},"fnMap":{"0":{"name":"(anonymous_0)","decl":{"start":{"line":99,"column":20},"end":{"line":99,"column":21}},"loc":{"start":{"line":99,"column":30},"end":{"line":245,"column":1}},"line":99},"1":{"name":"(anonymous_1)","decl":{"start":{"line":103,"column":28},"end":{"line":103,"column":29}},"loc":{"start":{"line":103,"column":40},"end":{"line":142,"column":5}},"line":103},"2":{"name":"(anonymous_2)","decl":{"start":{"line":145,"column":28},"end":{"line":145,"column":29}},"loc":{"start":{"line":145,"column":36},"end":{"line":149,"column":5}},"line":145},"3":{"name":"(anonymous_3)","decl":{"start":{"line":152,"column":26},"end":{"line":152,"column":27}},"loc":{"start":{"line":152,"column":34},"end":{"line":177,"column":5}},"line":152},"4":{"name":"(anonymous_4)","decl":{"start":{"line":154,"column":36},"end":{"line":154,"column":37}},"loc":{"start":{"line":154,"column":48},"end":{"line":176,"column":9}},"line":154},"5":{"name":"(anonymous_5)","decl":{"start":{"line":180,"column":28},"end":{"line":180,"column":29}},"loc":{"start":{"line":180,"column":36},"end":{"line":192,"column":5}},"line":180},"6":{"name":"(anonymous_6)","decl":{"start":{"line":194,"column":34},"end":{"line":194,"column":35}},"loc":{"start":{"line":194,"column":42},"end":{"line":206,"column":5}},"line":194},"7":{"name":"(anonymous_7)","decl":{"start":{"line":198,"column":20},"end":{"line":198,"column":21}},"loc":{"start":{"line":198,"column":30},"end":{"line":198,"column":57}},"line":198},"8":{"name":"(anonymous_8)","decl":{"start":{"line":209,"column":28},"end":{"line":209,"column":29}},"loc":{"start":{"line":209,"column":42},"end":{"line":214,"column":5}},"line":209},"9":{"name":"(anonymous_9)","decl":{"start":{"line":217,"column":29},"end":{"line":217,"column":30}},"loc":{"start":{"line":217,"column":43},"end":{"line":221,"column":5}},"line":217},"10":{"name":"(anonymous_10)","decl":{"start":{"line":224,"column":27},"end":{"line":224,"column":28}},"loc":{"start":{"line":224,"column":41},"end":{"line":226,"column":5}},"line":224},"11":{"name":"(anonymous_11)","decl":{"start":{"line":229,"column":33},"end":{"line":229,"column":34}},"loc":{"start":{"line":229,"column":47},"end":{"line":232,"column":5}},"line":229},"12":{"name":"(anonymous_12)","decl":{"start":{"line":235,"column":31},"end":{"line":235,"column":32}},"loc":{"start":{"line":235,"column":39},"end":{"line":244,"column":5}},"line":235},"13":{"name":"(anonymous_13)","decl":{"start":{"line":239,"column":39},"end":{"line":239,"column":40}},"loc":{"start":{"line":239,"column":51},"end":{"line":242,"column":13}},"line":239},"14":{"name":"(anonymous_14)","decl":{"start":{"line":248,"column":14},"end":{"line":248,"column":15}},"loc":{"start":{"line":248,"column":28},"end":{"line":250,"column":1}},"line":248},"15":{"name":"(anonymous_15)","decl":{"start":{"line":253,"column":28},"end":{"line":253,"column":29}},"loc":{"start":{"line":253,"column":34},"end":{"line":256,"column":5}},"line":253}},"branchMap":{"0":{"loc":{"start":{"line":24,"column":13},"end":{"line":24,"column":37}},"type":"binary-expr","locations":[{"start":{"line":24,"column":13},"end":{"line":24,"column":29}},{"start":{"line":24,"column":33},"end":{"line":24,"column":37}}],"line":24},"1":{"loc":{"start":{"line":87,"column":0},"end":{"line":93,"column":1}},"type":"if","locations":[{"start":{"line":87,"column":0},"end":{"line":93,"column":1}},{"start":{},"end":{}}],"line":87},"2":{"loc":{"start":{"line":105,"column":8},"end":{"line":141,"column":9}},"type":"if","locations":[{"start":{"line":105,"column":8},"end":{"line":141,"column":9}},{"start":{},"end":{}}],"line":105},"3":{"loc":{"start":{"line":181,"column":8},"end":{"line":187,"column":9}},"type":"if","locations":[{"start":{"line":181,"column":8},"end":{"line":187,"column":9}},{"start":{"line":183,"column":15},"end":{"line":187,"column":9}}],"line":181},"4":{"loc":{"start":{"line":184,"column":12},"end":{"line":186,"column":13}},"type":"if","locations":[{"start":{"line":184,"column":12},"end":{"line":186,"column":13}},{"start":{},"end":{}}],"line":184},"5":{"loc":{"start":{"line":195,"column":8},"end":{"line":201,"column":9}},"type":"if","locations":[{"start":{"line":195,"column":8},"end":{"line":201,"column":9}},{"start":{},"end":{}}],"line":195},"6":{"loc":{"start":{"line":196,"column":12},"end":{"line":200,"column":13}},"type":"if","locations":[{"start":{"line":196,"column":12},"end":{"line":200,"column":13}},{"start":{},"end":{}}],"line":196},"7":{"loc":{"start":{"line":238,"column":8},"end":{"line":243,"column":9}},"type":"if","locations":[{"start":{"line":238,"column":8},"end":{"line":243,"column":9}},{"start":{},"end":{}}],"line":238},"8":{"loc":{"start":{"line":252,"column":0},"end":{"line":257,"column":1}},"type":"if","locations":[{"start":{"line":252,"column":0},"end":{"line":257,"column":1}},{"start":{},"end":{}}],"line":252}},"s":{"0":5,"1":5,"2":5,"3":5,"4":5,"5":5,"6":5,"7":5,"8":5,"9":5,"10":5,"11":5,"12":5,"13":5,"14":5,"15":5,"16":5,"17":5,"18":5,"19":5,"20":5,"21":5,"22":5,"23":5,"24":5,"25":5,"26":5,"27":5,"28":5,"29":5,"30":5,"31":5,"32":5,"33":5,"34":5,"35":5,"36":5,"37":5,"38":5,"39":5,"40":5,"41":5,"42":5,"43":5,"44":0,"45":0,"46":0,"47":0,"48":0,"49":0,"50":0,"51":0,"52":0,"53":0,"54":0,"55":0,"56":0,"57":0,"58":0,"59":0,"60":0,"61":0,"62":0,"63":0,"64":0,"65":0,"66":0,"67":0,"68":0,"69":0,"70":0,"71":0,"72":0,"73":0,"74":0,"75":0,"76":0,"77":0,"78":0,"79":0,"80":0,"81":0,"82":0,"83":0,"84":0,"85":0,"86":0,"87":0,"88":0,"89":0,"90":0,"91":0,"92":0,"93":0,"94":5,"95":5,"96":0,"97":5,"98":0,"99":0,"100":5},"f":{"0":0,"1":0,"2":0,"3":0,"4":0,"5":0,"6":0,"7":0,"8":0,"9":0,"10":0,"11":0,"12":0,"13":0,"14":0,"15":0},"b":{"0":[5,0],"1":[5,0],"2":[0,0],"3":[0,0],"4":[0,0],"5":[0,0],"6":[0,0],"7":[0,0],"8":[0,5]},"_coverageSchema":"1a1c01bbd47fc00a2c39e90264f33305004495a9","hash":"8ed002ab0cb7fd73fb03b50c08cb9459010eb6d2"}
,"D:\\Workspace\\MEVN\\ChitChat\\server\\actions\\socketio.js": {"path":"D:\\Workspace\\MEVN\\ChitChat\\server\\actions\\socketio.js","statementMap":{"0":{"start":{"line":1,"column":17},"end":{"line":1,"column":36}},"1":{"start":{"line":2,"column":20},"end":{"line":2,"column":48}},"2":{"start":{"line":3,"column":17},"end":{"line":3,"column":42}},"3":{"start":{"line":5,"column":0},"end":{"line":98,"column":2}},"4":{"start":{"line":7,"column":27},"end":{"line":12,"column":17}},"5":{"start":{"line":14,"column":8},"end":{"line":17,"column":11}},"6":{"start":{"line":20,"column":8},"end":{"line":25,"column":11}},"7":{"start":{"line":28,"column":21},"end":{"line":28,"column":81}},"8":{"start":{"line":28,"column":54},"end":{"line":28,"column":80}},"9":{"start":{"line":30,"column":8},"end":{"line":32,"column":59}},"10":{"start":{"line":35,"column":8},"end":{"line":37,"column":33}},"11":{"start":{"line":40,"column":8},"end":{"line":42,"column":33}},"12":{"start":{"line":45,"column":21},"end":{"line":47,"column":80}},"13":{"start":{"line":49,"column":8},"end":{"line":79,"column":9}},"14":{"start":{"line":50,"column":12},"end":{"line":76,"column":13}},"15":{"start":{"line":52,"column":41},"end":{"line":52,"column":85}},"16":{"start":{"line":54,"column":16},"end":{"line":57,"column":19}},"17":{"start":{"line":58,"column":36},"end":{"line":58,"column":53}},"18":{"start":{"line":59,"column":16},"end":{"line":62,"column":19}},"19":{"start":{"line":65,"column":37},"end":{"line":67,"column":17}},"20":{"start":{"line":66,"column":28},"end":{"line":66,"column":72}},"21":{"start":{"line":68,"column":16},"end":{"line":71,"column":17}},"22":{"start":{"line":69,"column":20},"end":{"line":69,"column":58}},"23":{"start":{"line":70,"column":20},"end":{"line":70,"column":38}},"24":{"start":{"line":72,"column":16},"end":{"line":75,"column":19}},"25":{"start":{"line":78,"column":12},"end":{"line":78,"column":19}},"26":{"start":{"line":82,"column":21},"end":{"line":84,"column":80}},"27":{"start":{"line":85,"column":8},"end":{"line":96,"column":9}},"28":{"start":{"line":86,"column":36},"end":{"line":86,"column":64}},"29":{"start":{"line":87,"column":12},"end":{"line":87,"column":84}},"30":{"start":{"line":87,"column":51},"end":{"line":87,"column":82}},"31":{"start":{"line":88,"column":32},"end":{"line":88,"column":49}},"32":{"start":{"line":89,"column":12},"end":{"line":95,"column":14}}},"fnMap":{"0":{"name":"(anonymous_0)","decl":{"start":{"line":6,"column":17},"end":{"line":6,"column":18}},"loc":{"start":{"line":6,"column":31},"end":{"line":18,"column":5}},"line":6},"1":{"name":"(anonymous_1)","decl":{"start":{"line":19,"column":18},"end":{"line":19,"column":19}},"loc":{"start":{"line":19,"column":32},"end":{"line":26,"column":5}},"line":19},"2":{"name":"(anonymous_2)","decl":{"start":{"line":27,"column":28},"end":{"line":27,"column":29}},"loc":{"start":{"line":27,"column":48},"end":{"line":33,"column":5}},"line":27},"3":{"name":"(anonymous_3)","decl":{"start":{"line":28,"column":46},"end":{"line":28,"column":47}},"loc":{"start":{"line":28,"column":54},"end":{"line":28,"column":80}},"line":28},"4":{"name":"(anonymous_4)","decl":{"start":{"line":34,"column":15},"end":{"line":34,"column":16}},"loc":{"start":{"line":34,"column":27},"end":{"line":38,"column":5}},"line":34},"5":{"name":"(anonymous_5)","decl":{"start":{"line":39,"column":20},"end":{"line":39,"column":21}},"loc":{"start":{"line":39,"column":34},"end":{"line":43,"column":5}},"line":39},"6":{"name":"(anonymous_6)","decl":{"start":{"line":44,"column":23},"end":{"line":44,"column":24}},"loc":{"start":{"line":44,"column":37},"end":{"line":80,"column":5}},"line":44},"7":{"name":"(anonymous_7)","decl":{"start":{"line":52,"column":33},"end":{"line":52,"column":34}},"loc":{"start":{"line":52,"column":41},"end":{"line":52,"column":85}},"line":52},"8":{"name":"(anonymous_8)","decl":{"start":{"line":66,"column":20},"end":{"line":66,"column":21}},"loc":{"start":{"line":66,"column":28},"end":{"line":66,"column":72}},"line":66},"9":{"name":"(anonymous_9)","decl":{"start":{"line":81,"column":23},"end":{"line":81,"column":24}},"loc":{"start":{"line":81,"column":37},"end":{"line":97,"column":5}},"line":81},"10":{"name":"(anonymous_10)","decl":{"start":{"line":87,"column":43},"end":{"line":87,"column":44}},"loc":{"start":{"line":87,"column":51},"end":{"line":87,"column":82}},"line":87}},"branchMap":{"0":{"loc":{"start":{"line":9,"column":19},"end":{"line":9,"column":44}},"type":"cond-expr","locations":[{"start":{"line":9,"column":32},"end":{"line":9,"column":36}},{"start":{"line":9,"column":39},"end":{"line":9,"column":44}}],"line":9},"1":{"loc":{"start":{"line":10,"column":18},"end":{"line":10,"column":50}},"type":"cond-expr","locations":[{"start":{"line":10,"column":30},"end":{"line":10,"column":43}},{"start":{"line":10,"column":46},"end":{"line":10,"column":50}}],"line":10},"2":{"loc":{"start":{"line":30,"column":15},"end":{"line":32,"column":58}},"type":"cond-expr","locations":[{"start":{"line":31,"column":14},"end":{"line":31,"column":67}},{"start":{"line":32,"column":14},"end":{"line":32,"column":58}}],"line":30},"3":{"loc":{"start":{"line":30,"column":15},"end":{"line":30,"column":41}},"type":"binary-expr","locations":[{"start":{"line":30,"column":15},"end":{"line":30,"column":19}},{"start":{"line":30,"column":23},"end":{"line":30,"column":41}}],"line":30},"4":{"loc":{"start":{"line":49,"column":8},"end":{"line":79,"column":9}},"type":"if","locations":[{"start":{"line":49,"column":8},"end":{"line":79,"column":9}},{"start":{"line":77,"column":15},"end":{"line":79,"column":9}}],"line":49},"5":{"loc":{"start":{"line":50,"column":12},"end":{"line":76,"column":13}},"type":"if","locations":[{"start":{"line":50,"column":12},"end":{"line":76,"column":13}},{"start":{"line":63,"column":19},"end":{"line":76,"column":13}}],"line":50},"6":{"loc":{"start":{"line":51,"column":16},"end":{"line":52,"column":86}},"type":"binary-expr","locations":[{"start":{"line":51,"column":16},"end":{"line":51,"column":26}},{"start":{"line":52,"column":16},"end":{"line":52,"column":86}}],"line":51},"7":{"loc":{"start":{"line":68,"column":16},"end":{"line":71,"column":17}},"type":"if","locations":[{"start":{"line":68,"column":16},"end":{"line":71,"column":17}},{"start":{},"end":{}}],"line":68},"8":{"loc":{"start":{"line":85,"column":8},"end":{"line":96,"column":9}},"type":"if","locations":[{"start":{"line":85,"column":8},"end":{"line":96,"column":9}},{"start":{},"end":{}}],"line":85}},"s":{"0":5,"1":5,"2":5,"3":5,"4":0,"5":0,"6":0,"7":0,"8":0,"9":0,"10":0,"11":0,"12":0,"13":0,"14":0,"15":0,"16":0,"17":0,"18":0,"19":0,"20":0,"21":0,"22":0,"23":0,"24":0,"25":0,"26":0,"27":0,"28":0,"29":0,"30":0,"31":0,"32":0},"f":{"0":0,"1":0,"2":0,"3":0,"4":0,"5":0,"6":0,"7":0,"8":0,"9":0,"10":0},"b":{"0":[0,0],"1":[0,0],"2":[0,0],"3":[0,0],"4":[0,0],"5":[0,0],"6":[0,0],"7":[0,0],"8":[0,0]},"_coverageSchema":"1a1c01bbd47fc00a2c39e90264f33305004495a9","hash":"6dcca7294c2c4c99c9ee56589386cda505246fe8"}
,"D:\\Workspace\\MEVN\\ChitChat\\server\\config\\logModule.js": {"path":"D:\\Workspace\\MEVN\\ChitChat\\server\\config\\logModule.js","statementMap":{"0":{"start":{"line":1,"column":16},"end":{"line":1,"column":34}},"1":{"start":{"line":2,"column":11},"end":{"line":2,"column":24}},"2":{"start":{"line":3,"column":21},"end":{"line":3,"column":27}},"3":{"start":{"line":5,"column":0},"end":{"line":7,"column":1}},"4":{"start":{"line":6,"column":4},"end":{"line":6,"column":30}},"5":{"start":{"line":10,"column":15},"end":{"line":17,"column":2}},"6":{"start":{"line":19,"column":0},"end":{"line":19,"column":25}}},"fnMap":{},"branchMap":{"0":{"loc":{"start":{"line":5,"column":0},"end":{"line":7,"column":1}},"type":"if","locations":[{"start":{"line":5,"column":0},"end":{"line":7,"column":1}},{"start":{},"end":{}}],"line":5}},"s":{"0":5,"1":5,"2":5,"3":5,"4":0,"5":5,"6":5},"f":{},"b":{"0":[0,5]},"_coverageSchema":"1a1c01bbd47fc00a2c39e90264f33305004495a9","hash":"145e60a91c3717f80dab6b4a8148222b3f026891"}
,"D:\\Workspace\\MEVN\\ChitChat\\server\\config\\passport.js": {"path":"D:\\Workspace\\MEVN\\ChitChat\\server\\config\\passport.js","statementMap":{"0":{"start":{"line":1,"column":20},"end":{"line":1,"column":52}},"1":{"start":{"line":2,"column":19},"end":{"line":2,"column":53}},"2":{"start":{"line":3,"column":23},"end":{"line":3,"column":70}},"3":{"start":{"line":4,"column":25},"end":{"line":4,"column":62}},"4":{"start":{"line":5,"column":16},"end":{"line":5,"column":34}},"5":{"start":{"line":8,"column":17},"end":{"line":8,"column":42}},"6":{"start":{"line":10,"column":11},"end":{"line":13,"column":1}},"7":{"start":{"line":15,"column":0},"end":{"line":39,"column":1}},"8":{"start":{"line":16,"column":4},"end":{"line":16,"column":93}},"9":{"start":{"line":16,"column":43},"end":{"line":16,"column":91}},"10":{"start":{"line":18,"column":4},"end":{"line":24,"column":7}},"11":{"start":{"line":19,"column":8},"end":{"line":23,"column":15}},"12":{"start":{"line":22,"column":16},"end":{"line":22,"column":67}},"13":{"start":{"line":26,"column":4},"end":{"line":38,"column":6}},"14":{"start":{"line":28,"column":12},"end":{"line":36,"column":19}},"15":{"start":{"line":31,"column":20},"end":{"line":35,"column":21}},"16":{"start":{"line":32,"column":24},"end":{"line":32,"column":48}},"17":{"start":{"line":34,"column":24},"end":{"line":34,"column":49}}},"fnMap":{"0":{"name":"(anonymous_0)","decl":{"start":{"line":15,"column":17},"end":{"line":15,"column":18}},"loc":{"start":{"line":15,"column":36},"end":{"line":39,"column":1}},"line":15},"1":{"name":"(anonymous_1)","decl":{"start":{"line":16,"column":27},"end":{"line":16,"column":28}},"loc":{"start":{"line":16,"column":43},"end":{"line":16,"column":91}},"line":16},"2":{"name":"(anonymous_2)","decl":{"start":{"line":18,"column":29},"end":{"line":18,"column":30}},"loc":{"start":{"line":18,"column":45},"end":{"line":24,"column":5}},"line":18},"3":{"name":"(anonymous_3)","decl":{"start":{"line":21,"column":18},"end":{"line":21,"column":19}},"loc":{"start":{"line":21,"column":26},"end":{"line":23,"column":13}},"line":21},"4":{"name":"(anonymous_4)","decl":{"start":{"line":27,"column":30},"end":{"line":27,"column":31}},"loc":{"start":{"line":27,"column":49},"end":{"line":37,"column":9}},"line":27},"5":{"name":"(anonymous_5)","decl":{"start":{"line":30,"column":22},"end":{"line":30,"column":23}},"loc":{"start":{"line":30,"column":30},"end":{"line":36,"column":17}},"line":30}},"branchMap":{"0":{"loc":{"start":{"line":31,"column":20},"end":{"line":35,"column":21}},"type":"if","locations":[{"start":{"line":31,"column":20},"end":{"line":35,"column":21}},{"start":{"line":33,"column":27},"end":{"line":35,"column":21}}],"line":31}},"s":{"0":5,"1":5,"2":5,"3":5,"4":5,"5":5,"6":5,"7":5,"8":5,"9":0,"10":5,"11":0,"12":0,"13":5,"14":0,"15":0,"16":0,"17":0},"f":{"0":5,"1":0,"2":0,"3":0,"4":0,"5":0},"b":{"0":[0,0]},"_coverageSchema":"1a1c01bbd47fc00a2c39e90264f33305004495a9","hash":"83a6fe502dd8608c83eb7480ef59b7b377c0c14b"}
,"D:\\Workspace\\MEVN\\ChitChat\\server\\controllers\\authController.js": {"path":"D:\\Workspace\\MEVN\\ChitChat\\server\\controllers\\authController.js","statementMap":{"0":{"start":{"line":1,"column":10},"end":{"line":1,"column":27}},"1":{"start":{"line":2,"column":12},"end":{"line":2,"column":35}},"2":{"start":{"line":3,"column":15},"end":{"line":3,"column":40}},"3":{"start":{"line":4,"column":17},"end":{"line":4,"column":36}},"4":{"start":{"line":5,"column":17},"end":{"line":5,"column":36}},"5":{"start":{"line":11,"column":4},"end":{"line":11,"column":42}},"6":{"start":{"line":13,"column":22},"end":{"line":53,"column":1}},"7":{"start":{"line":14,"column":20},"end":{"line":14,"column":22}},"8":{"start":{"line":15,"column":4},"end":{"line":52,"column":6}},"9":{"start":{"line":16,"column":8},"end":{"line":51,"column":9}},"10":{"start":{"line":17,"column":12},"end":{"line":17,"column":76}},"11":{"start":{"line":18,"column":12},"end":{"line":20,"column":13}},"12":{"start":{"line":19,"column":16},"end":{"line":19,"column":86}},"13":{"start":{"line":21,"column":12},"end":{"line":23,"column":21}},"14":{"start":{"line":25,"column":27},"end":{"line":29,"column":14}},"15":{"start":{"line":30,"column":28},"end":{"line":36,"column":14}},"16":{"start":{"line":37,"column":12},"end":{"line":50,"column":14}},"17":{"start":{"line":38,"column":29},"end":{"line":38,"column":70}},"18":{"start":{"line":39,"column":30},"end":{"line":39,"column":88}},"19":{"start":{"line":40,"column":16},"end":{"line":44,"column":18}},"20":{"start":{"line":46,"column":16},"end":{"line":49,"column":18}},"21":{"start":{"line":55,"column":18},"end":{"line":65,"column":1}},"22":{"start":{"line":56,"column":17},"end":{"line":56,"column":80}},"23":{"start":{"line":57,"column":4},"end":{"line":61,"column":5}},"24":{"start":{"line":58,"column":8},"end":{"line":60,"column":12}},"25":{"start":{"line":62,"column":18},"end":{"line":62,"column":87}},"26":{"start":{"line":64,"column":4},"end":{"line":64,"column":71}},"27":{"start":{"line":67,"column":19},"end":{"line":75,"column":1}},"28":{"start":{"line":68,"column":17},"end":{"line":68,"column":86}},"29":{"start":{"line":69,"column":4},"end":{"line":73,"column":5}},"30":{"start":{"line":70,"column":8},"end":{"line":72,"column":11}},"31":{"start":{"line":74,"column":4},"end":{"line":74,"column":41}},"32":{"start":{"line":77,"column":0},"end":{"line":82,"column":5}}},"fnMap":{"0":{"name":"(anonymous_0)","decl":{"start":{"line":13,"column":22},"end":{"line":13,"column":23}},"loc":{"start":{"line":13,"column":36},"end":{"line":53,"column":1}},"line":13},"1":{"name":"(anonymous_1)","decl":{"start":{"line":15,"column":47},"end":{"line":15,"column":48}},"loc":{"start":{"line":15,"column":55},"end":{"line":52,"column":5}},"line":15},"2":{"name":"(anonymous_2)","decl":{"start":{"line":37,"column":32},"end":{"line":37,"column":33}},"loc":{"start":{"line":37,"column":44},"end":{"line":45,"column":13}},"line":37},"3":{"name":"(anonymous_3)","decl":{"start":{"line":45,"column":21},"end":{"line":45,"column":22}},"loc":{"start":{"line":45,"column":28},"end":{"line":50,"column":13}},"line":45},"4":{"name":"(anonymous_4)","decl":{"start":{"line":55,"column":18},"end":{"line":55,"column":19}},"loc":{"start":{"line":55,"column":38},"end":{"line":65,"column":1}},"line":55},"5":{"name":"(anonymous_5)","decl":{"start":{"line":67,"column":19},"end":{"line":67,"column":20}},"loc":{"start":{"line":67,"column":39},"end":{"line":75,"column":1}},"line":67}},"branchMap":{"0":{"loc":{"start":{"line":16,"column":8},"end":{"line":51,"column":9}},"type":"if","locations":[{"start":{"line":16,"column":8},"end":{"line":51,"column":9}},{"start":{"line":24,"column":13},"end":{"line":51,"column":9}}],"line":16},"1":{"loc":{"start":{"line":18,"column":12},"end":{"line":20,"column":13}},"type":"if","locations":[{"start":{"line":18,"column":12},"end":{"line":20,"column":13}},{"start":{},"end":{}}],"line":18},"2":{"loc":{"start":{"line":57,"column":4},"end":{"line":61,"column":5}},"type":"if","locations":[{"start":{"line":57,"column":4},"end":{"line":61,"column":5}},{"start":{},"end":{}}],"line":57},"3":{"loc":{"start":{"line":69,"column":4},"end":{"line":73,"column":5}},"type":"if","locations":[{"start":{"line":69,"column":4},"end":{"line":73,"column":5}},{"start":{},"end":{}}],"line":69}},"s":{"0":5,"1":5,"2":5,"3":5,"4":5,"5":5,"6":5,"7":0,"8":0,"9":0,"10":0,"11":0,"12":0,"13":0,"14":0,"15":0,"16":0,"17":0,"18":0,"19":0,"20":0,"21":5,"22":0,"23":0,"24":0,"25":0,"26":0,"27":5,"28":0,"29":0,"30":0,"31":0,"32":5},"f":{"0":0,"1":0,"2":0,"3":0,"4":0,"5":0},"b":{"0":[0,0],"1":[0,0],"2":[0,0],"3":[0,0]},"_coverageSchema":"1a1c01bbd47fc00a2c39e90264f33305004495a9","hash":"cc8be41a6b099cd468db0d86a06754b0d450ae49"}
,"D:\\Workspace\\MEVN\\ChitChat\\server\\controllers\\messageController.js": {"path":"D:\\Workspace\\MEVN\\ChitChat\\server\\controllers\\messageController.js","statementMap":{"0":{"start":{"line":1,"column":28},"end":{"line":1,"column":65}},"1":{"start":{"line":2,"column":18},"end":{"line":2,"column":46}},"2":{"start":{"line":5,"column":25},"end":{"line":13,"column":1}},"3":{"start":{"line":6,"column":20},"end":{"line":6,"column":66}},"4":{"start":{"line":7,"column":4},"end":{"line":12,"column":5}},"5":{"start":{"line":8,"column":8},"end":{"line":8,"column":44}},"6":{"start":{"line":10,"column":8},"end":{"line":10,"column":64}},"7":{"start":{"line":15,"column":19},"end":{"line":28,"column":1}},"8":{"start":{"line":16,"column":20},"end":{"line":16,"column":22}},"9":{"start":{"line":17,"column":4},"end":{"line":20,"column":5}},"10":{"start":{"line":18,"column":8},"end":{"line":18,"column":76}},"11":{"start":{"line":19,"column":8},"end":{"line":19,"column":63}},"12":{"start":{"line":21,"column":23},"end":{"line":26,"column":13}},"13":{"start":{"line":27,"column":4},"end":{"line":27,"column":43}},"14":{"start":{"line":30,"column":0},"end":{"line":33,"column":1}}},"fnMap":{"0":{"name":"(anonymous_0)","decl":{"start":{"line":5,"column":25},"end":{"line":5,"column":26}},"loc":{"start":{"line":5,"column":44},"end":{"line":13,"column":1}},"line":5},"1":{"name":"(anonymous_1)","decl":{"start":{"line":15,"column":19},"end":{"line":15,"column":20}},"loc":{"start":{"line":15,"column":38},"end":{"line":28,"column":1}},"line":15}},"branchMap":{"0":{"loc":{"start":{"line":7,"column":4},"end":{"line":12,"column":5}},"type":"if","locations":[{"start":{"line":7,"column":4},"end":{"line":12,"column":5}},{"start":{"line":9,"column":9},"end":{"line":12,"column":5}}],"line":7},"1":{"loc":{"start":{"line":17,"column":4},"end":{"line":20,"column":5}},"type":"if","locations":[{"start":{"line":17,"column":4},"end":{"line":20,"column":5}},{"start":{},"end":{}}],"line":17},"2":{"loc":{"start":{"line":23,"column":15},"end":{"line":23,"column":44}},"type":"cond-expr","locations":[{"start":{"line":23,"column":32},"end":{"line":23,"column":36}},{"start":{"line":23,"column":39},"end":{"line":23,"column":44}}],"line":23}},"s":{"0":5,"1":5,"2":5,"3":0,"4":0,"5":0,"6":0,"7":5,"8":0,"9":0,"10":0,"11":0,"12":0,"13":0,"14":5},"f":{"0":0,"1":0},"b":{"0":[0,0],"1":[0,0],"2":[0,0]},"_coverageSchema":"1a1c01bbd47fc00a2c39e90264f33305004495a9","hash":"23fb64ccb3bba4ba8f55084e41fbdec3e079e650"}
,"D:\\Workspace\\MEVN\\ChitChat\\server\\controllers\\profileController.js": {"path":"D:\\Workspace\\MEVN\\ChitChat\\server\\controllers\\profileController.js","statementMap":{"0":{"start":{"line":1,"column":15},"end":{"line":1,"column":40}},"1":{"start":{"line":3,"column":20},"end":{"line":18,"column":1}},"2":{"start":{"line":4,"column":17},"end":{"line":6,"column":15}},"3":{"start":{"line":7,"column":4},"end":{"line":17,"column":5}},"4":{"start":{"line":8,"column":8},"end":{"line":11,"column":18}},"5":{"start":{"line":13,"column":8},"end":{"line":16,"column":18}},"6":{"start":{"line":20,"column":0},"end":{"line":20,"column":30}}},"fnMap":{"0":{"name":"(anonymous_0)","decl":{"start":{"line":3,"column":20},"end":{"line":3,"column":21}},"loc":{"start":{"line":3,"column":39},"end":{"line":18,"column":1}},"line":3}},"branchMap":{"0":{"loc":{"start":{"line":7,"column":4},"end":{"line":17,"column":5}},"type":"if","locations":[{"start":{"line":7,"column":4},"end":{"line":17,"column":5}},{"start":{"line":12,"column":9},"end":{"line":17,"column":5}}],"line":7}},"s":{"0":5,"1":5,"2":0,"3":0,"4":0,"5":0,"6":5},"f":{"0":0},"b":{"0":[0,0]},"_coverageSchema":"1a1c01bbd47fc00a2c39e90264f33305004495a9","hash":"c13562644b051ec9edee41966b78e41dd98038f9"}
,"D:\\Workspace\\MEVN\\ChitChat\\server\\controllers\\roomController.js": {"path":"D:\\Workspace\\MEVN\\ChitChat\\server\\controllers\\roomController.js","statementMap":{"0":{"start":{"line":1,"column":15},"end":{"line":1,"column":40}},"1":{"start":{"line":2,"column":19},"end":{"line":2,"column":36}},"2":{"start":{"line":3,"column":28},"end":{"line":3,"column":65}},"3":{"start":{"line":4,"column":34},"end":{"line":4,"column":62}},"4":{"start":{"line":6,"column":19},"end":{"line":17,"column":1}},"5":{"start":{"line":7,"column":18},"end":{"line":11,"column":15}},"6":{"start":{"line":12,"column":4},"end":{"line":16,"column":5}},"7":{"start":{"line":13,"column":8},"end":{"line":13,"column":43}},"8":{"start":{"line":15,"column":8},"end":{"line":15,"column":61}},"9":{"start":{"line":19,"column":18},"end":{"line":29,"column":1}},"10":{"start":{"line":20,"column":17},"end":{"line":23,"column":15}},"11":{"start":{"line":24,"column":4},"end":{"line":28,"column":5}},"12":{"start":{"line":25,"column":8},"end":{"line":25,"column":42}},"13":{"start":{"line":27,"column":8},"end":{"line":27,"column":96}},"14":{"start":{"line":31,"column":16},"end":{"line":71,"column":1}},"15":{"start":{"line":32,"column":17},"end":{"line":32,"column":19}},"16":{"start":{"line":34,"column":17},"end":{"line":34,"column":70}},"17":{"start":{"line":35,"column":4},"end":{"line":70,"column":9}},"18":{"start":{"line":36,"column":8},"end":{"line":39,"column":9}},"19":{"start":{"line":37,"column":12},"end":{"line":37,"column":73}},"20":{"start":{"line":38,"column":12},"end":{"line":38,"column":31}},"21":{"start":{"line":40,"column":12},"end":{"line":40,"column":64}},"22":{"start":{"line":42,"column":23},"end":{"line":47,"column":9}},"23":{"start":{"line":48,"column":12},"end":{"line":50,"column":9}},"24":{"start":{"line":49,"column":12},"end":{"line":49,"column":47}},"25":{"start":{"line":51,"column":12},"end":{"line":69,"column":18}},"26":{"start":{"line":62,"column":20},"end":{"line":65,"column":26}},"27":{"start":{"line":64,"column":28},"end":{"line":64,"column":61}},"28":{"start":{"line":68,"column":20},"end":{"line":68,"column":40}},"29":{"start":{"line":73,"column":15},"end":{"line":104,"column":1}},"30":{"start":{"line":74,"column":4},"end":{"line":83,"column":5}},"31":{"start":{"line":75,"column":8},"end":{"line":82,"column":10}},"32":{"start":{"line":84,"column":17},"end":{"line":84,"column":70}},"33":{"start":{"line":85,"column":4},"end":{"line":103,"column":5}},"34":{"start":{"line":86,"column":25},"end":{"line":86,"column":70}},"35":{"start":{"line":87,"column":8},"end":{"line":100,"column":9}},"36":{"start":{"line":88,"column":12},"end":{"line":88,"column":45}},"37":{"start":{"line":89,"column":12},"end":{"line":89,"column":30}},"38":{"start":{"line":90,"column":12},"end":{"line":90,"column":56}},"39":{"start":{"line":92,"column":12},"end":{"line":99,"column":14}},"40":{"start":{"line":102,"column":8},"end":{"line":102,"column":97}},"41":{"start":{"line":106,"column":19},"end":{"line":123,"column":1}},"42":{"start":{"line":107,"column":4},"end":{"line":122,"column":5}},"43":{"start":{"line":108,"column":21},"end":{"line":111,"column":19}},"44":{"start":{"line":113,"column":8},"end":{"line":119,"column":9}},"45":{"start":{"line":114,"column":12},"end":{"line":114,"column":46}},"46":{"start":{"line":116,"column":12},"end":{"line":118,"column":15}},"47":{"start":{"line":121,"column":8},"end":{"line":121,"column":41}},"48":{"start":{"line":125,"column":19},"end":{"line":148,"column":1}},"49":{"start":{"line":126,"column":4},"end":{"line":129,"column":73}},"50":{"start":{"line":130,"column":17},"end":{"line":130,"column":46}},"51":{"start":{"line":131,"column":4},"end":{"line":135,"column":5}},"52":{"start":{"line":132,"column":8},"end":{"line":134,"column":10}},"53":{"start":{"line":136,"column":17},"end":{"line":142,"column":47}},"54":{"start":{"line":143,"column":4},"end":{"line":147,"column":5}},"55":{"start":{"line":144,"column":8},"end":{"line":144,"column":42}},"56":{"start":{"line":146,"column":8},"end":{"line":146,"column":96}},"57":{"start":{"line":150,"column":19},"end":{"line":164,"column":1}},"58":{"start":{"line":151,"column":17},"end":{"line":151,"column":63}},"59":{"start":{"line":152,"column":4},"end":{"line":162,"column":5}},"60":{"start":{"line":153,"column":8},"end":{"line":156,"column":9}},"61":{"start":{"line":153,"column":35},"end":{"line":153,"column":73}},"62":{"start":{"line":154,"column":11},"end":{"line":154,"column":90}},"63":{"start":{"line":154,"column":50},"end":{"line":154,"column":88}},"64":{"start":{"line":155,"column":12},"end":{"line":155,"column":30}},"65":{"start":{"line":157,"column":27},"end":{"line":160,"column":10}},"66":{"start":{"line":161,"column":8},"end":{"line":161,"column":47}},"67":{"start":{"line":166,"column":22},"end":{"line":178,"column":1}},"68":{"start":{"line":167,"column":4},"end":{"line":167,"column":70}},"69":{"start":{"line":168,"column":18},"end":{"line":172,"column":15}},"70":{"start":{"line":173,"column":4},"end":{"line":177,"column":5}},"71":{"start":{"line":174,"column":8},"end":{"line":174,"column":43}},"72":{"start":{"line":176,"column":8},"end":{"line":176,"column":62}},"73":{"start":{"line":181,"column":0},"end":{"line":190,"column":1}}},"fnMap":{"0":{"name":"(anonymous_0)","decl":{"start":{"line":6,"column":19},"end":{"line":6,"column":20}},"loc":{"start":{"line":6,"column":38},"end":{"line":17,"column":1}},"line":6},"1":{"name":"(anonymous_1)","decl":{"start":{"line":19,"column":18},"end":{"line":19,"column":19}},"loc":{"start":{"line":19,"column":37},"end":{"line":29,"column":1}},"line":19},"2":{"name":"(anonymous_2)","decl":{"start":{"line":31,"column":16},"end":{"line":31,"column":17}},"loc":{"start":{"line":31,"column":35},"end":{"line":71,"column":1}},"line":31},"3":{"name":"(anonymous_3)","decl":{"start":{"line":52,"column":22},"end":{"line":52,"column":23}},"loc":{"start":{"line":52,"column":30},"end":{"line":66,"column":17}},"line":52},"4":{"name":"(anonymous_4)","decl":{"start":{"line":63,"column":30},"end":{"line":63,"column":31}},"loc":{"start":{"line":63,"column":38},"end":{"line":65,"column":25}},"line":63},"5":{"name":"(anonymous_5)","decl":{"start":{"line":67,"column":23},"end":{"line":67,"column":24}},"loc":{"start":{"line":67,"column":30},"end":{"line":69,"column":17}},"line":67},"6":{"name":"(anonymous_6)","decl":{"start":{"line":73,"column":15},"end":{"line":73,"column":16}},"loc":{"start":{"line":73,"column":35},"end":{"line":104,"column":1}},"line":73},"7":{"name":"(anonymous_7)","decl":{"start":{"line":106,"column":19},"end":{"line":106,"column":20}},"loc":{"start":{"line":106,"column":38},"end":{"line":123,"column":1}},"line":106},"8":{"name":"(anonymous_8)","decl":{"start":{"line":125,"column":19},"end":{"line":125,"column":20}},"loc":{"start":{"line":125,"column":38},"end":{"line":148,"column":1}},"line":125},"9":{"name":"(anonymous_9)","decl":{"start":{"line":150,"column":19},"end":{"line":150,"column":20}},"loc":{"start":{"line":150,"column":38},"end":{"line":164,"column":1}},"line":150},"10":{"name":"(anonymous_10)","decl":{"start":{"line":153,"column":27},"end":{"line":153,"column":28}},"loc":{"start":{"line":153,"column":35},"end":{"line":153,"column":73}},"line":153},"11":{"name":"(anonymous_11)","decl":{"start":{"line":154,"column":42},"end":{"line":154,"column":43}},"loc":{"start":{"line":154,"column":50},"end":{"line":154,"column":88}},"line":154},"12":{"name":"(anonymous_12)","decl":{"start":{"line":166,"column":22},"end":{"line":166,"column":23}},"loc":{"start":{"line":166,"column":41},"end":{"line":178,"column":1}},"line":166}},"branchMap":{"0":{"loc":{"start":{"line":12,"column":4},"end":{"line":16,"column":5}},"type":"if","locations":[{"start":{"line":12,"column":4},"end":{"line":16,"column":5}},{"start":{"line":14,"column":9},"end":{"line":16,"column":5}}],"line":12},"1":{"loc":{"start":{"line":24,"column":4},"end":{"line":28,"column":5}},"type":"if","locations":[{"start":{"line":24,"column":4},"end":{"line":28,"column":5}},{"start":{"line":26,"column":10},"end":{"line":28,"column":5}}],"line":24},"2":{"loc":{"start":{"line":35,"column":4},"end":{"line":70,"column":9}},"type":"if","locations":[{"start":{"line":35,"column":4},"end":{"line":70,"column":9}},{"start":{"line":41,"column":9},"end":{"line":70,"column":9}}],"line":35},"3":{"loc":{"start":{"line":36,"column":8},"end":{"line":39,"column":9}},"type":"if","locations":[{"start":{"line":36,"column":8},"end":{"line":39,"column":9}},{"start":{},"end":{}}],"line":36},"4":{"loc":{"start":{"line":45,"column":19},"end":{"line":45,"column":51}},"type":"cond-expr","locations":[{"start":{"line":45,"column":39},"end":{"line":45,"column":44}},{"start":{"line":45,"column":47},"end":{"line":45,"column":51}}],"line":45},"5":{"loc":{"start":{"line":48,"column":12},"end":{"line":50,"column":9}},"type":"if","locations":[{"start":{"line":48,"column":12},"end":{"line":50,"column":9}},{"start":{},"end":{}}],"line":48},"6":{"loc":{"start":{"line":74,"column":4},"end":{"line":83,"column":5}},"type":"if","locations":[{"start":{"line":74,"column":4},"end":{"line":83,"column":5}},{"start":{},"end":{}}],"line":74},"7":{"loc":{"start":{"line":85,"column":4},"end":{"line":103,"column":5}},"type":"if","locations":[{"start":{"line":85,"column":4},"end":{"line":103,"column":5}},{"start":{"line":101,"column":9},"end":{"line":103,"column":5}}],"line":85},"8":{"loc":{"start":{"line":87,"column":8},"end":{"line":100,"column":9}},"type":"if","locations":[{"start":{"line":87,"column":8},"end":{"line":100,"column":9}},{"start":{"line":91,"column":13},"end":{"line":100,"column":9}}],"line":87},"9":{"loc":{"start":{"line":113,"column":8},"end":{"line":119,"column":9}},"type":"if","locations":[{"start":{"line":113,"column":8},"end":{"line":119,"column":9}},{"start":{"line":115,"column":15},"end":{"line":119,"column":9}}],"line":113},"10":{"loc":{"start":{"line":131,"column":4},"end":{"line":135,"column":5}},"type":"if","locations":[{"start":{"line":131,"column":4},"end":{"line":135,"column":5}},{"start":{},"end":{}}],"line":131},"11":{"loc":{"start":{"line":143,"column":4},"end":{"line":147,"column":5}},"type":"if","locations":[{"start":{"line":143,"column":4},"end":{"line":147,"column":5}},{"start":{"line":145,"column":9},"end":{"line":147,"column":5}}],"line":143},"12":{"loc":{"start":{"line":152,"column":4},"end":{"line":162,"column":5}},"type":"if","locations":[{"start":{"line":152,"column":4},"end":{"line":162,"column":5}},{"start":{},"end":{}}],"line":152},"13":{"loc":{"start":{"line":153,"column":8},"end":{"line":156,"column":9}},"type":"if","locations":[{"start":{"line":153,"column":8},"end":{"line":156,"column":9}},{"start":{},"end":{}}],"line":153},"14":{"loc":{"start":{"line":173,"column":4},"end":{"line":177,"column":5}},"type":"if","locations":[{"start":{"line":173,"column":4},"end":{"line":177,"column":5}},{"start":{"line":175,"column":9},"end":{"line":177,"column":5}}],"line":173}},"s":{"0":5,"1":5,"2":5,"3":5,"4":5,"5":0,"6":0,"7":0,"8":0,"9":5,"10":0,"11":0,"12":0,"13":0,"14":5,"15":0,"16":0,"17":0,"18":0,"19":0,"20":0,"21":0,"22":0,"23":0,"24":0,"25":0,"26":0,"27":0,"28":0,"29":5,"30":0,"31":0,"32":0,"33":0,"34":0,"35":0,"36":0,"37":0,"38":0,"39":0,"40":0,"41":5,"42":0,"43":0,"44":0,"45":0,"46":0,"47":0,"48":5,"49":0,"50":0,"51":0,"52":0,"53":0,"54":0,"55":0,"56":0,"57":5,"58":0,"59":0,"60":0,"61":0,"62":0,"63":0,"64":0,"65":0,"66":0,"67":5,"68":0,"69":0,"70":0,"71":0,"72":0,"73":5},"f":{"0":0,"1":0,"2":0,"3":0,"4":0,"5":0,"6":0,"7":0,"8":0,"9":0,"10":0,"11":0,"12":0},"b":{"0":[0,0],"1":[0,0],"2":[0,0],"3":[0,0],"4":[0,0],"5":[0,0],"6":[0,0],"7":[0,0],"8":[0,0],"9":[0,0],"10":[0,0],"11":[0,0],"12":[0,0],"13":[0,0],"14":[0,0]},"_coverageSchema":"1a1c01bbd47fc00a2c39e90264f33305004495a9","hash":"ce9bde360a46735258d3edbb5fe787d48e53e3dd"}
,"D:\\Workspace\\MEVN\\ChitChat\\server\\controllers\\userController.js": {"path":"D:\\Workspace\\MEVN\\ChitChat\\server\\controllers\\userController.js","statementMap":{"0":{"start":{"line":1,"column":15},"end":{"line":1,"column":40}},"1":{"start":{"line":4,"column":21},"end":{"line":11,"column":1}},"2":{"start":{"line":5,"column":18},"end":{"line":5,"column":77}},"3":{"start":{"line":6,"column":4},"end":{"line":10,"column":5}},"4":{"start":{"line":7,"column":8},"end":{"line":7,"column":49}},"5":{"start":{"line":9,"column":8},"end":{"line":9,"column":65}},"6":{"start":{"line":13,"column":19},"end":{"line":24,"column":1}},"7":{"start":{"line":14,"column":24},"end":{"line":14,"column":26}},"8":{"start":{"line":15,"column":4},"end":{"line":19,"column":5}},"9":{"start":{"line":16,"column":8},"end":{"line":18,"column":9}},"10":{"start":{"line":17,"column":12},"end":{"line":17,"column":45}},"11":{"start":{"line":20,"column":4},"end":{"line":23,"column":45}},"12":{"start":{"line":22,"column":21},"end":{"line":22,"column":57}},"13":{"start":{"line":23,"column":22},"end":{"line":23,"column":44}},"14":{"start":{"line":26,"column":23},"end":{"line":28,"column":1}},"15":{"start":{"line":27,"column":4},"end":{"line":27,"column":29}},"16":{"start":{"line":30,"column":26},"end":{"line":33,"column":1}},"17":{"start":{"line":31,"column":4},"end":{"line":31,"column":52}},"18":{"start":{"line":32,"column":4},"end":{"line":32,"column":29}},"19":{"start":{"line":36,"column":0},"end":{"line":36,"column":77}}},"fnMap":{"0":{"name":"(anonymous_0)","decl":{"start":{"line":4,"column":21},"end":{"line":4,"column":22}},"loc":{"start":{"line":4,"column":40},"end":{"line":11,"column":1}},"line":4},"1":{"name":"(anonymous_1)","decl":{"start":{"line":13,"column":19},"end":{"line":13,"column":20}},"loc":{"start":{"line":13,"column":39},"end":{"line":24,"column":1}},"line":13},"2":{"name":"(anonymous_2)","decl":{"start":{"line":22,"column":14},"end":{"line":22,"column":15}},"loc":{"start":{"line":22,"column":21},"end":{"line":22,"column":57}},"line":22},"3":{"name":"(anonymous_3)","decl":{"start":{"line":23,"column":15},"end":{"line":23,"column":16}},"loc":{"start":{"line":23,"column":22},"end":{"line":23,"column":44}},"line":23},"4":{"name":"(anonymous_4)","decl":{"start":{"line":26,"column":23},"end":{"line":26,"column":24}},"loc":{"start":{"line":26,"column":37},"end":{"line":28,"column":1}},"line":26},"5":{"name":"(anonymous_5)","decl":{"start":{"line":30,"column":26},"end":{"line":30,"column":27}},"loc":{"start":{"line":30,"column":46},"end":{"line":33,"column":1}},"line":30}},"branchMap":{"0":{"loc":{"start":{"line":6,"column":4},"end":{"line":10,"column":5}},"type":"if","locations":[{"start":{"line":6,"column":4},"end":{"line":10,"column":5}},{"start":{"line":8,"column":9},"end":{"line":10,"column":5}}],"line":6},"1":{"loc":{"start":{"line":16,"column":8},"end":{"line":18,"column":9}},"type":"if","locations":[{"start":{"line":16,"column":8},"end":{"line":18,"column":9}},{"start":{},"end":{}}],"line":16}},"s":{"0":5,"1":5,"2":0,"3":0,"4":0,"5":0,"6":5,"7":0,"8":0,"9":0,"10":0,"11":0,"12":0,"13":0,"14":5,"15":0,"16":5,"17":0,"18":0,"19":5},"f":{"0":0,"1":0,"2":0,"3":0,"4":0,"5":0},"b":{"0":[0,0],"1":[0,0]},"_coverageSchema":"1a1c01bbd47fc00a2c39e90264f33305004495a9","hash":"0f2fca2a97f721a28fe3fc473fd03c5c69439cbd"}
,"D:\\Workspace\\MEVN\\ChitChat\\server\\database\\mongoose.js": {"path":"D:\\Workspace\\MEVN\\ChitChat\\server\\database\\mongoose.js","statementMap":{"0":{"start":{"line":1,"column":17},"end":{"line":1,"column":36}},"1":{"start":{"line":2,"column":17},"end":{"line":2,"column":47}},"2":{"start":{"line":9,"column":16},"end":{"line":18,"column":1}},"3":{"start":{"line":10,"column":4},"end":{"line":17,"column":5}},"4":{"start":{"line":11,"column":8},"end":{"line":11,"column":57}},"5":{"start":{"line":12,"column":8},"end":{"line":12,"column":95}},"6":{"start":{"line":12,"column":44},"end":{"line":12,"column":95}},"7":{"start":{"line":15,"column":8},"end":{"line":15,"column":25}},"8":{"start":{"line":22,"column":0},"end":{"line":22,"column":37}}},"fnMap":{"0":{"name":"(anonymous_0)","decl":{"start":{"line":9,"column":16},"end":{"line":9,"column":17}},"loc":{"start":{"line":9,"column":28},"end":{"line":18,"column":1}},"line":9}},"branchMap":{"0":{"loc":{"start":{"line":12,"column":8},"end":{"line":12,"column":95}},"type":"if","locations":[{"start":{"line":12,"column":8},"end":{"line":12,"column":95}},{"start":{},"end":{}}],"line":12}},"s":{"0":5,"1":5,"2":5,"3":0,"4":0,"5":0,"6":0,"7":0,"8":5},"f":{"0":0},"b":{"0":[0,0]},"_coverageSchema":"1a1c01bbd47fc00a2c39e90264f33305004495a9","hash":"3fc4b1b3113a222b3febef134633f11e152aeabd"}
,"D:\\Workspace\\MEVN\\ChitChat\\server\\helpers\\socketEvents.js": {"path":"D:\\Workspace\\MEVN\\ChitChat\\server\\helpers\\socketEvents.js","statementMap":{"0":{"start":{"line":58,"column":4},"end":{"line":58,"column":34}},"1":{"start":{"line":60,"column":0},"end":{"line":99,"column":2}},"2":{"start":{"line":62,"column":8},"end":{"line":62,"column":34}},"3":{"start":{"line":64,"column":12},"end":{"line":70,"column":14}},"4":{"start":{"line":73,"column":12},"end":{"line":75,"column":84}},"5":{"start":{"line":78,"column":12},"end":{"line":83,"column":14}},"6":{"start":{"line":86,"column":12},"end":{"line":96,"column":14}}},"fnMap":{"0":{"name":"(anonymous_0)","decl":{"start":{"line":61,"column":15},"end":{"line":61,"column":16}},"loc":{"start":{"line":61,"column":39},"end":{"line":98,"column":5}},"line":61}},"branchMap":{},"s":{"0":5,"1":5,"2":0,"3":0,"4":0,"5":0,"6":0},"f":{"0":0},"b":{},"_coverageSchema":"1a1c01bbd47fc00a2c39e90264f33305004495a9","hash":"38be10b3ecf4e11ad5a60a46612b000298b18917"}
,"D:\\Workspace\\MEVN\\ChitChat\\server\\middleware\\authenticate.js": {"path":"D:\\Workspace\\MEVN\\ChitChat\\server\\middleware\\authenticate.js","statementMap":{"0":{"start":{"line":1,"column":17},"end":{"line":1,"column":36}},"1":{"start":{"line":2,"column":15},"end":{"line":2,"column":40}},"2":{"start":{"line":3,"column":35},"end":{"line":3,"column":63}},"3":{"start":{"line":6,"column":26},"end":{"line":15,"column":1}},"4":{"start":{"line":7,"column":24},"end":{"line":7,"column":26}},"5":{"start":{"line":8,"column":4},"end":{"line":13,"column":6}},"6":{"start":{"line":9,"column":18},"end":{"line":11,"column":9}},"7":{"start":{"line":12,"column":8},"end":{"line":12,"column":29}},"8":{"start":{"line":14,"column":4},"end":{"line":14,"column":23}},"9":{"start":{"line":17,"column":32},"end":{"line":38,"column":1}},"10":{"start":{"line":18,"column":4},"end":{"line":21,"column":68}},"11":{"start":{"line":22,"column":4},"end":{"line":25,"column":69}},"12":{"start":{"line":26,"column":17},"end":{"line":26,"column":52}},"13":{"start":{"line":27,"column":17},"end":{"line":27,"column":66}},"14":{"start":{"line":28,"column":4},"end":{"line":30,"column":5}},"15":{"start":{"line":29,"column":8},"end":{"line":29,"column":72}},"16":{"start":{"line":31,"column":4},"end":{"line":37,"column":5}},"17":{"start":{"line":32,"column":8},"end":{"line":34,"column":11}},"18":{"start":{"line":36,"column":8},"end":{"line":36,"column":15}},"19":{"start":{"line":40,"column":25},"end":{"line":57,"column":1}},"20":{"start":{"line":41,"column":17},"end":{"line":41,"column":19}},"21":{"start":{"line":42,"column":17},"end":{"line":42,"column":60}},"22":{"start":{"line":43,"column":4},"end":{"line":49,"column":5}},"23":{"start":{"line":44,"column":8},"end":{"line":44,"column":61}},"24":{"start":{"line":46,"column":8},"end":{"line":48,"column":9}},"25":{"start":{"line":47,"column":12},"end":{"line":47,"column":70}},"26":{"start":{"line":50,"column":4},"end":{"line":56,"column":5}},"27":{"start":{"line":51,"column":8},"end":{"line":53,"column":11}},"28":{"start":{"line":55,"column":8},"end":{"line":55,"column":15}},"29":{"start":{"line":59,"column":30},"end":{"line":86,"column":1}},"30":{"start":{"line":60,"column":4},"end":{"line":70,"column":5}},"31":{"start":{"line":61,"column":8},"end":{"line":64,"column":49}},"32":{"start":{"line":66,"column":8},"end":{"line":69,"column":73}},"33":{"start":{"line":71,"column":4},"end":{"line":77,"column":5}},"34":{"start":{"line":72,"column":8},"end":{"line":76,"column":73}},"35":{"start":{"line":78,"column":19},"end":{"line":78,"column":48}},"36":{"start":{"line":79,"column":4},"end":{"line":85,"column":5}},"37":{"start":{"line":80,"column":8},"end":{"line":82,"column":10}},"38":{"start":{"line":84,"column":8},"end":{"line":84,"column":14}},"39":{"start":{"line":87,"column":31},"end":{"line":108,"column":1}},"40":{"start":{"line":88,"column":17},"end":{"line":88,"column":19}},"41":{"start":{"line":90,"column":4},"end":{"line":94,"column":5}},"42":{"start":{"line":91,"column":8},"end":{"line":93,"column":9}},"43":{"start":{"line":92,"column":12},"end":{"line":92,"column":75}},"44":{"start":{"line":96,"column":4},"end":{"line":100,"column":5}},"45":{"start":{"line":97,"column":8},"end":{"line":99,"column":9}},"46":{"start":{"line":98,"column":12},"end":{"line":98,"column":77}},"47":{"start":{"line":101,"column":4},"end":{"line":107,"column":5}},"48":{"start":{"line":102,"column":8},"end":{"line":104,"column":11}},"49":{"start":{"line":106,"column":8},"end":{"line":106,"column":15}},"50":{"start":{"line":110,"column":33},"end":{"line":116,"column":1}},"51":{"start":{"line":111,"column":4},"end":{"line":115,"column":5}},"52":{"start":{"line":112,"column":8},"end":{"line":114,"column":26}},"53":{"start":{"line":118,"column":0},"end":{"line":125,"column":1}}},"fnMap":{"0":{"name":"(anonymous_0)","decl":{"start":{"line":6,"column":26},"end":{"line":6,"column":27}},"loc":{"start":{"line":6,"column":36},"end":{"line":15,"column":1}},"line":6},"1":{"name":"(anonymous_1)","decl":{"start":{"line":8,"column":19},"end":{"line":8,"column":20}},"loc":{"start":{"line":8,"column":28},"end":{"line":13,"column":5}},"line":8},"2":{"name":"(anonymous_2)","decl":{"start":{"line":17,"column":32},"end":{"line":17,"column":33}},"loc":{"start":{"line":17,"column":58},"end":{"line":38,"column":1}},"line":17},"3":{"name":"(anonymous_3)","decl":{"start":{"line":40,"column":25},"end":{"line":40,"column":26}},"loc":{"start":{"line":40,"column":51},"end":{"line":57,"column":1}},"line":40},"4":{"name":"(anonymous_4)","decl":{"start":{"line":59,"column":30},"end":{"line":59,"column":31}},"loc":{"start":{"line":59,"column":56},"end":{"line":86,"column":1}},"line":59},"5":{"name":"(anonymous_5)","decl":{"start":{"line":87,"column":31},"end":{"line":87,"column":32}},"loc":{"start":{"line":87,"column":57},"end":{"line":108,"column":1}},"line":87},"6":{"name":"(anonymous_6)","decl":{"start":{"line":110,"column":33},"end":{"line":110,"column":34}},"loc":{"start":{"line":110,"column":47},"end":{"line":116,"column":1}},"line":110},"7":{"name":"(anonymous_7)","decl":{"start":{"line":111,"column":11},"end":{"line":111,"column":12}},"loc":{"start":{"line":111,"column":31},"end":{"line":115,"column":5}},"line":111}},"branchMap":{"0":{"loc":{"start":{"line":26,"column":17},"end":{"line":26,"column":52}},"type":"binary-expr","locations":[{"start":{"line":26,"column":17},"end":{"line":26,"column":46}},{"start":{"line":26,"column":50},"end":{"line":26,"column":52}}],"line":26},"1":{"loc":{"start":{"line":28,"column":4},"end":{"line":30,"column":5}},"type":"if","locations":[{"start":{"line":28,"column":4},"end":{"line":30,"column":5}},{"start":{},"end":{}}],"line":28},"2":{"loc":{"start":{"line":31,"column":4},"end":{"line":37,"column":5}},"type":"if","locations":[{"start":{"line":31,"column":4},"end":{"line":37,"column":5}},{"start":{"line":35,"column":10},"end":{"line":37,"column":5}}],"line":31},"3":{"loc":{"start":{"line":43,"column":4},"end":{"line":49,"column":5}},"type":"if","locations":[{"start":{"line":43,"column":4},"end":{"line":49,"column":5}},{"start":{"line":45,"column":9},"end":{"line":49,"column":5}}],"line":43},"4":{"loc":{"start":{"line":46,"column":8},"end":{"line":48,"column":9}},"type":"if","locations":[{"start":{"line":46,"column":8},"end":{"line":48,"column":9}},{"start":{},"end":{}}],"line":46},"5":{"loc":{"start":{"line":46,"column":11},"end":{"line":46,"column":89}},"type":"binary-expr","locations":[{"start":{"line":46,"column":11},"end":{"line":46,"column":37}},{"start":{"line":46,"column":41},"end":{"line":46,"column":89}}],"line":46},"6":{"loc":{"start":{"line":50,"column":4},"end":{"line":56,"column":5}},"type":"if","locations":[{"start":{"line":50,"column":4},"end":{"line":56,"column":5}},{"start":{"line":54,"column":9},"end":{"line":56,"column":5}}],"line":50},"7":{"loc":{"start":{"line":60,"column":4},"end":{"line":70,"column":5}},"type":"if","locations":[{"start":{"line":60,"column":4},"end":{"line":70,"column":5}},{"start":{"line":65,"column":9},"end":{"line":70,"column":5}}],"line":60},"8":{"loc":{"start":{"line":71,"column":4},"end":{"line":77,"column":5}},"type":"if","locations":[{"start":{"line":71,"column":4},"end":{"line":77,"column":5}},{"start":{},"end":{}}],"line":71},"9":{"loc":{"start":{"line":79,"column":4},"end":{"line":85,"column":5}},"type":"if","locations":[{"start":{"line":79,"column":4},"end":{"line":85,"column":5}},{"start":{"line":83,"column":9},"end":{"line":85,"column":5}}],"line":79},"10":{"loc":{"start":{"line":90,"column":4},"end":{"line":94,"column":5}},"type":"if","locations":[{"start":{"line":90,"column":4},"end":{"line":94,"column":5}},{"start":{},"end":{}}],"line":90},"11":{"loc":{"start":{"line":91,"column":8},"end":{"line":93,"column":9}},"type":"if","locations":[{"start":{"line":91,"column":8},"end":{"line":93,"column":9}},{"start":{},"end":{}}],"line":91},"12":{"loc":{"start":{"line":96,"column":4},"end":{"line":100,"column":5}},"type":"if","locations":[{"start":{"line":96,"column":4},"end":{"line":100,"column":5}},{"start":{},"end":{}}],"line":96},"13":{"loc":{"start":{"line":97,"column":8},"end":{"line":99,"column":9}},"type":"if","locations":[{"start":{"line":97,"column":8},"end":{"line":99,"column":9}},{"start":{},"end":{}}],"line":97},"14":{"loc":{"start":{"line":101,"column":4},"end":{"line":107,"column":5}},"type":"if","locations":[{"start":{"line":101,"column":4},"end":{"line":107,"column":5}},{"start":{"line":105,"column":11},"end":{"line":107,"column":5}}],"line":101}},"s":{"0":6,"1":6,"2":6,"3":6,"4":1,"5":1,"6":1,"7":1,"8":1,"9":6,"10":2,"11":2,"12":2,"13":2,"14":0,"15":0,"16":0,"17":0,"18":0,"19":6,"20":6,"21":6,"22":0,"23":0,"24":0,"25":0,"26":0,"27":0,"28":0,"29":6,"30":0,"31":0,"32":0,"33":0,"34":0,"35":0,"36":0,"37":0,"38":0,"39":6,"40":0,"41":0,"42":0,"43":0,"44":0,"45":0,"46":0,"47":0,"48":0,"49":0,"50":6,"51":0,"52":0,"53":6},"f":{"0":1,"1":1,"2":2,"3":6,"4":0,"5":0,"6":0,"7":0},"b":{"0":[2,0],"1":[0,0],"2":[0,0],"3":[0,0],"4":[0,0],"5":[0,0],"6":[0,0],"7":[0,0],"8":[0,0],"9":[0,0],"10":[0,0],"11":[0,0],"12":[0,0],"13":[0,0],"14":[0,0]},"_coverageSchema":"1a1c01bbd47fc00a2c39e90264f33305004495a9","hash":"8b05367c21be435401ac5ae23dd942b3a737677e"}
,"D:\\Workspace\\MEVN\\ChitChat\\server\\models\\Message.js": {"path":"D:\\Workspace\\MEVN\\ChitChat\\server\\models\\Message.js","statementMap":{"0":{"start":{"line":1,"column":17},"end":{"line":1,"column":36}},"1":{"start":{"line":2,"column":15},"end":{"line":2,"column":30}},"2":{"start":{"line":4,"column":22},"end":{"line":29,"column":1}},"3":{"start":{"line":30,"column":16},"end":{"line":30,"column":56}},"4":{"start":{"line":31,"column":0},"end":{"line":31,"column":26}}},"fnMap":{},"branchMap":{},"s":{"0":5,"1":5,"2":5,"3":5,"4":5},"f":{},"b":{},"_coverageSchema":"1a1c01bbd47fc00a2c39e90264f33305004495a9","hash":"8bc8ae6f93917fbd1f4dcc48b8d9a573a94c17b8"}
,"D:\\Workspace\\MEVN\\ChitChat\\server\\models\\Room.js": {"path":"D:\\Workspace\\MEVN\\ChitChat\\server\\models\\Room.js","statementMap":{"0":{"start":{"line":1,"column":17},"end":{"line":1,"column":36}},"1":{"start":{"line":2,"column":15},"end":{"line":2,"column":34}},"2":{"start":{"line":3,"column":15},"end":{"line":3,"column":30}},"3":{"start":{"line":5,"column":19},"end":{"line":58,"column":1}},"4":{"start":{"line":60,"column":0},"end":{"line":62,"column":1}},"5":{"start":{"line":61,"column":4},"end":{"line":61,"column":50}},"6":{"start":{"line":64,"column":0},"end":{"line":75,"column":2}},"7":{"start":{"line":65,"column":4},"end":{"line":74,"column":5}},"8":{"start":{"line":66,"column":8},"end":{"line":71,"column":10}},"9":{"start":{"line":67,"column":12},"end":{"line":70,"column":14}},"10":{"start":{"line":68,"column":16},"end":{"line":68,"column":35}},"11":{"start":{"line":69,"column":16},"end":{"line":69,"column":23}},"12":{"start":{"line":73,"column":8},"end":{"line":73,"column":15}},"13":{"start":{"line":77,"column":13},"end":{"line":77,"column":47}},"14":{"start":{"line":78,"column":0},"end":{"line":78,"column":23}}},"fnMap":{"0":{"name":"(anonymous_0)","decl":{"start":{"line":60,"column":37},"end":{"line":60,"column":38}},"loc":{"start":{"line":60,"column":56},"end":{"line":62,"column":1}},"line":60},"1":{"name":"(anonymous_1)","decl":{"start":{"line":64,"column":23},"end":{"line":64,"column":24}},"loc":{"start":{"line":64,"column":39},"end":{"line":75,"column":1}},"line":64},"2":{"name":"(anonymous_2)","decl":{"start":{"line":66,"column":27},"end":{"line":66,"column":28}},"loc":{"start":{"line":66,"column":42},"end":{"line":71,"column":9}},"line":66},"3":{"name":"(anonymous_3)","decl":{"start":{"line":67,"column":45},"end":{"line":67,"column":46}},"loc":{"start":{"line":67,"column":59},"end":{"line":70,"column":13}},"line":67}},"branchMap":{"0":{"loc":{"start":{"line":65,"column":4},"end":{"line":74,"column":5}},"type":"if","locations":[{"start":{"line":65,"column":4},"end":{"line":74,"column":5}},{"start":{"line":72,"column":9},"end":{"line":74,"column":5}}],"line":65},"1":{"loc":{"start":{"line":65,"column":7},"end":{"line":65,"column":58}},"type":"binary-expr","locations":[{"start":{"line":65,"column":7},"end":{"line":65,"column":27}},{"start":{"line":65,"column":31},"end":{"line":65,"column":58}}],"line":65}},"s":{"0":5,"1":5,"2":5,"3":5,"4":5,"5":0,"6":5,"7":0,"8":0,"9":0,"10":0,"11":0,"12":0,"13":5,"14":5},"f":{"0":0,"1":0,"2":0,"3":0},"b":{"0":[0,0],"1":[0,0]},"_coverageSchema":"1a1c01bbd47fc00a2c39e90264f33305004495a9","hash":"6f402b3e95c40b80a3cbb21558150bab4103e49c"}
,"D:\\Workspace\\MEVN\\ChitChat\\server\\models\\User.js": {"path":"D:\\Workspace\\MEVN\\ChitChat\\server\\models\\User.js","statementMap":{"0":{"start":{"line":1,"column":17},"end":{"line":1,"column":36}},"1":{"start":{"line":2,"column":15},"end":{"line":2,"column":34}},"2":{"start":{"line":3,"column":15},"end":{"line":3,"column":30}},"3":{"start":{"line":5,"column":19},"end":{"line":59,"column":1}},"4":{"start":{"line":61,"column":0},"end":{"line":63,"column":2}},"5":{"start":{"line":62,"column":4},"end":{"line":62,"column":51}},"6":{"start":{"line":65,"column":0},"end":{"line":76,"column":2}},"7":{"start":{"line":66,"column":4},"end":{"line":75,"column":5}},"8":{"start":{"line":67,"column":8},"end":{"line":72,"column":11}},"9":{"start":{"line":68,"column":12},"end":{"line":71,"column":15}},"10":{"start":{"line":69,"column":16},"end":{"line":69,"column":36}},"11":{"start":{"line":70,"column":16},"end":{"line":70,"column":23}},"12":{"start":{"line":74,"column":8},"end":{"line":74,"column":15}},"13":{"start":{"line":78,"column":13},"end":{"line":78,"column":47}},"14":{"start":{"line":79,"column":0},"end":{"line":79,"column":23}}},"fnMap":{"0":{"name":"(anonymous_0)","decl":{"start":{"line":61,"column":37},"end":{"line":61,"column":38}},"loc":{"start":{"line":61,"column":56},"end":{"line":63,"column":1}},"line":61},"1":{"name":"(anonymous_1)","decl":{"start":{"line":65,"column":23},"end":{"line":65,"column":24}},"loc":{"start":{"line":65,"column":39},"end":{"line":76,"column":1}},"line":65},"2":{"name":"(anonymous_2)","decl":{"start":{"line":67,"column":27},"end":{"line":67,"column":28}},"loc":{"start":{"line":67,"column":42},"end":{"line":72,"column":9}},"line":67},"3":{"name":"(anonymous_3)","decl":{"start":{"line":68,"column":45},"end":{"line":68,"column":46}},"loc":{"start":{"line":68,"column":59},"end":{"line":71,"column":13}},"line":68}},"branchMap":{"0":{"loc":{"start":{"line":66,"column":4},"end":{"line":75,"column":5}},"type":"if","locations":[{"start":{"line":66,"column":4},"end":{"line":75,"column":5}},{"start":{"line":73,"column":9},"end":{"line":75,"column":5}}],"line":66},"1":{"loc":{"start":{"line":66,"column":7},"end":{"line":66,"column":58}},"type":"binary-expr","locations":[{"start":{"line":66,"column":7},"end":{"line":66,"column":27}},{"start":{"line":66,"column":31},"end":{"line":66,"column":58}}],"line":66}},"s":{"0":6,"1":6,"2":6,"3":6,"4":6,"5":0,"6":6,"7":0,"8":0,"9":0,"10":0,"11":0,"12":0,"13":6,"14":6},"f":{"0":0,"1":0,"2":0,"3":0},"b":{"0":[0,0],"1":[0,0]},"_coverageSchema":"1a1c01bbd47fc00a2c39e90264f33305004495a9","hash":"e042bed06d6d8fb691a01218a7b09ca56063b8fe"}
,"D:\\Workspace\\MEVN\\ChitChat\\server\\routes\\auth.js": {"path":"D:\\Workspace\\MEVN\\ChitChat\\server\\routes\\auth.js","statementMap":{"0":{"start":{"line":1,"column":16},"end":{"line":1,"column":34}},"1":{"start":{"line":2,"column":15},"end":{"line":2,"column":31}},"2":{"start":{"line":6,"column":4},"end":{"line":6,"column":42}},"3":{"start":{"line":12,"column":4},"end":{"line":12,"column":44}},"4":{"start":{"line":14,"column":0},"end":{"line":14,"column":65}},"5":{"start":{"line":15,"column":0},"end":{"line":15,"column":50}},"6":{"start":{"line":16,"column":0},"end":{"line":16,"column":34}},"7":{"start":{"line":18,"column":0},"end":{"line":18,"column":24}}},"fnMap":{},"branchMap":{},"s":{"0":5,"1":5,"2":5,"3":5,"4":5,"5":5,"6":5,"7":5},"f":{},"b":{},"_coverageSchema":"1a1c01bbd47fc00a2c39e90264f33305004495a9","hash":"9259f9d849d3623a3f9dea5e46ba9d296a9bd5ab"}
,"D:\\Workspace\\MEVN\\ChitChat\\server\\routes\\message.js": {"path":"D:\\Workspace\\MEVN\\ChitChat\\server\\routes\\message.js","statementMap":{"0":{"start":{"line":1,"column":16},"end":{"line":1,"column":34}},"1":{"start":{"line":2,"column":15},"end":{"line":2,"column":31}},"2":{"start":{"line":3,"column":17},"end":{"line":3,"column":36}},"3":{"start":{"line":4,"column":39},"end":{"line":4,"column":82}},"4":{"start":{"line":6,"column":0},"end":{"line":6,"column":89}},"5":{"start":{"line":7,"column":0},"end":{"line":7,"column":86}},"6":{"start":{"line":9,"column":0},"end":{"line":9,"column":23}}},"fnMap":{},"branchMap":{},"s":{"0":5,"1":5,"2":5,"3":5,"4":5,"5":5,"6":5},"f":{},"b":{},"_coverageSchema":"1a1c01bbd47fc00a2c39e90264f33305004495a9","hash":"9af256573b5195985fece7821739fef4583b5528"}
,"D:\\Workspace\\MEVN\\ChitChat\\server\\routes\\profile.js": {"path":"D:\\Workspace\\MEVN\\ChitChat\\server\\routes\\profile.js","statementMap":{"0":{"start":{"line":1,"column":16},"end":{"line":1,"column":34}},"1":{"start":{"line":2,"column":15},"end":{"line":2,"column":31}},"2":{"start":{"line":3,"column":17},"end":{"line":3,"column":36}},"3":{"start":{"line":4,"column":23},"end":{"line":4,"column":66}},"4":{"start":{"line":6,"column":0},"end":{"line":6,"column":85}},"5":{"start":{"line":8,"column":0},"end":{"line":8,"column":23}}},"fnMap":{},"branchMap":{},"s":{"0":5,"1":5,"2":5,"3":5,"4":5,"5":5},"f":{},"b":{},"_coverageSchema":"1a1c01bbd47fc00a2c39e90264f33305004495a9","hash":"35561bd3782421c0298c54cb178e355972e5d304"}
,"D:\\Workspace\\MEVN\\ChitChat\\server\\routes\\room.js": {"path":"D:\\Workspace\\MEVN\\ChitChat\\server\\routes\\room.js","statementMap":{"0":{"start":{"line":1,"column":16},"end":{"line":1,"column":34}},"1":{"start":{"line":2,"column":15},"end":{"line":2,"column":31}},"2":{"start":{"line":3,"column":17},"end":{"line":3,"column":36}},"3":{"start":{"line":4,"column":57},"end":{"line":4,"column":94}},"4":{"start":{"line":14,"column":4},"end":{"line":14,"column":44}},"5":{"start":{"line":16,"column":0},"end":{"line":16,"column":110}},"6":{"start":{"line":17,"column":0},"end":{"line":17,"column":81}},"7":{"start":{"line":18,"column":0},"end":{"line":18,"column":90}},"8":{"start":{"line":19,"column":0},"end":{"line":19,"column":91}},"9":{"start":{"line":20,"column":0},"end":{"line":20,"column":88}},"10":{"start":{"line":21,"column":0},"end":{"line":21,"column":93}},"11":{"start":{"line":22,"column":0},"end":{"line":22,"column":102}},"12":{"start":{"line":23,"column":0},"end":{"line":23,"column":101}},"13":{"start":{"line":25,"column":0},"end":{"line":25,"column":24}}},"fnMap":{},"branchMap":{},"s":{"0":5,"1":5,"2":5,"3":5,"4":5,"5":5,"6":5,"7":5,"8":5,"9":5,"10":5,"11":5,"12":5,"13":5},"f":{},"b":{},"_coverageSchema":"1a1c01bbd47fc00a2c39e90264f33305004495a9","hash":"855d52fce7562f7ae226a24ebcb47bba410fe117"}
,"D:\\Workspace\\MEVN\\ChitChat\\server\\routes\\user.js": {"path":"D:\\Workspace\\MEVN\\ChitChat\\server\\routes\\user.js","statementMap":{"0":{"start":{"line":1,"column":16},"end":{"line":1,"column":34}},"1":{"start":{"line":2,"column":15},"end":{"line":2,"column":31}},"2":{"start":{"line":4,"column":17},"end":{"line":4,"column":36}},"3":{"start":{"line":5,"column":33},"end":{"line":5,"column":70}},"4":{"start":{"line":11,"column":4},"end":{"line":11,"column":44}},"5":{"start":{"line":13,"column":0},"end":{"line":13,"column":90}},"6":{"start":{"line":14,"column":0},"end":{"line":14,"column":113}},"7":{"start":{"line":15,"column":0},"end":{"line":15,"column":95}},"8":{"start":{"line":16,"column":0},"end":{"line":16,"column":97}},"9":{"start":{"line":18,"column":0},"end":{"line":18,"column":24}}},"fnMap":{},"branchMap":{},"s":{"0":5,"1":5,"2":5,"3":5,"4":5,"5":5,"6":5,"7":5,"8":5,"9":5},"f":{},"b":{},"_coverageSchema":"1a1c01bbd47fc00a2c39e90264f33305004495a9","hash":"bd4ba11a674e2f9e01b3d725f7a3e84e9fa0268c"}
,"D:\\Workspace\\MEVN\\ChitChat\\server\\tests\\seed\\seedData.js": {"path":"D:\\Workspace\\MEVN\\ChitChat\\server\\tests\\seed\\seedData.js","statementMap":{"0":{"start":{"line":1,"column":0},"end":{"line":58,"column":2}}},"fnMap":{},"branchMap":{},"s":{"0":5},"f":{},"b":{},"_coverageSchema":"1a1c01bbd47fc00a2c39e90264f33305004495a9","hash":"de369b7e6e51d7e1de6fc258b255a4745847e1ec"}
}
